# JRE version: OpenJDK Runtime Environment (21.0.3) (build 21.0.3+-12282718-b509.11)
# Java VM: OpenJDK 64-Bit Server VM (21.0.3+-12282718-b509.11, mixed mode, tiered, compressed oops, compressed class ptrs, g1 gc, windows-amd64)
GC Precious Log:
 CardTable entry size: 512
 Card Set container configuration: InlinePtr #cards 5 size 8 Array Of Cards #cards 12 size 40 Howl #buckets 4 coarsen threshold 1843 Howl Bitmap #cards 512 size 80 coarsen threshold 460 Card regions per heap region 1 cards per card region 2048
 CPUs: 2 total, 2 available
 Memory: 3992M
 Large Page Support: Disabled
 NUMA Support: Disabled
 Compressed Oops: Enabled (32-bit)
 Heap Region Size: 1M
 Heap Min Capacity: 8M
 Heap Initial Capacity: 64M
 Heap Max Capacity: 2G
 Pre-touch: Disabled
 Parallel Workers: 2
 Concurrent Workers: 1
 Concurrent Refinement Workers: 2
 Periodic GC: Disabled
Heap:
 garbage-first heap   total 348160K, used 240128K [0x0000000080000000, 0x0000000100000000)
  region size 1024K, 12 young (12288K), 9 survivors (9216K)
 Metaspace       used 133192K, committed 135936K, reserved 557056K
  class space    used 18237K, committed 19520K, reserved 425984K
GC Heap History (20 events):
Event: 547.310 GC heap before
{Heap before GC invocations=76 (full 0):
 garbage-first heap   total 270336K, used 211456K [0x0000000080000000, 0x0000000100000000)
  region size 1024K, 45 young (46080K), 4 survivors (4096K)
 Metaspace       used 122712K, committed 125312K, reserved 557056K
  class space    used 16895K, committed 18112K, reserved 425984K
}
Event: 547.334 GC heap after
{Heap after GC invocations=77 (full 0):
 garbage-first heap   total 270336K, used 172544K [0x0000000080000000, 0x0000000100000000)
  region size 1024K, 6 young (6144K), 6 survivors (6144K)
 Metaspace       used 122712K, committed 125312K, reserved 557056K
  class space    used 16895K, committed 18112K, reserved 425984K
}
Event: 556.484 GC heap before
{Heap before GC invocations=78 (full 0):
 garbage-first heap   total 286720K, used 240128K [0x0000000080000000, 0x0000000100000000)
  region size 1024K, 73 young (74752K), 6 survivors (6144K)
 Metaspace       used 123222K, committed 125952K, reserved 557056K
  class space    used 16962K, committed 18240K, reserved 425984K
}
Event: 556.548 GC heap after
{Heap after GC invocations=79 (full 0):
 garbage-first heap   total 286720K, used 183089K [0x0000000080000000, 0x0000000100000000)
  region size 1024K, 10 young (10240K), 10 survivors (10240K)
 Metaspace       used 123222K, committed 125952K, reserved 557056K
  class space    used 16962K, committed 18240K, reserved 425984K
}
Event: 564.722 GC heap before
{Heap before GC invocations=79 (full 0):
 garbage-first heap   total 286720K, used 251697K [0x0000000080000000, 0x0000000100000000)
  region size 1024K, 78 young (79872K), 10 survivors (10240K)
 Metaspace       used 123222K, committed 125952K, reserved 557056K
  class space    used 16962K, committed 18240K, reserved 425984K
}
Event: 564.778 GC heap after
{Heap after GC invocations=80 (full 0):
 garbage-first heap   total 286720K, used 183296K [0x0000000080000000, 0x0000000100000000)
  region size 1024K, 4 young (4096K), 4 survivors (4096K)
 Metaspace       used 123222K, committed 125952K, reserved 557056K
  class space    used 16962K, committed 18240K, reserved 425984K
}
Event: 567.213 GC heap before
{Heap before GC invocations=80 (full 0):
 garbage-first heap   total 286720K, used 215040K [0x0000000080000000, 0x0000000100000000)
  region size 1024K, 36 young (36864K), 4 survivors (4096K)
 Metaspace       used 123285K, committed 125952K, reserved 557056K
  class space    used 16971K, committed 18240K, reserved 425984K
}
Event: 567.239 GC heap after
{Heap after GC invocations=81 (full 0):
 garbage-first heap   total 286720K, used 185856K [0x0000000080000000, 0x0000000100000000)
  region size 1024K, 6 young (6144K), 6 survivors (6144K)
 Metaspace       used 123285K, committed 125952K, reserved 557056K
  class space    used 16971K, committed 18240K, reserved 425984K
}
Event: 574.955 GC heap before
{Heap before GC invocations=82 (full 0):
 garbage-first heap   total 311296K, used 259584K [0x0000000080000000, 0x0000000100000000)
  region size 1024K, 76 young (77824K), 6 survivors (6144K)
 Metaspace       used 123473K, committed 126144K, reserved 557056K
  class space    used 16991K, committed 18240K, reserved 425984K
}
Event: 575.026 GC heap after
{Heap after GC invocations=83 (full 0):
 garbage-first heap   total 311296K, used 195515K [0x0000000080000000, 0x0000000100000000)
  region size 1024K, 10 young (10240K), 10 survivors (10240K)
 Metaspace       used 123473K, committed 126144K, reserved 557056K
  class space    used 16991K, committed 18240K, reserved 425984K
}
Event: 580.574 GC heap before
{Heap before GC invocations=83 (full 0):
 garbage-first heap   total 311296K, used 271291K [0x0000000080000000, 0x0000000100000000)
  region size 1024K, 84 young (86016K), 10 survivors (10240K)
 Metaspace       used 123505K, committed 126272K, reserved 557056K
  class space    used 16995K, committed 18304K, reserved 425984K
}
Event: 580.752 GC heap after
{Heap after GC invocations=84 (full 0):
 garbage-first heap   total 311296K, used 201728K [0x0000000080000000, 0x0000000100000000)
  region size 1024K, 7 young (7168K), 7 survivors (7168K)
 Metaspace       used 123505K, committed 126272K, reserved 557056K
  class space    used 16995K, committed 18304K, reserved 425984K
}
Event: 588.836 GC heap before
{Heap before GC invocations=84 (full 0):
 garbage-first heap   total 311296K, used 282624K [0x0000000080000000, 0x0000000100000000)
  region size 1024K, 87 young (89088K), 7 survivors (7168K)
 Metaspace       used 125199K, committed 127808K, reserved 557056K
  class space    used 17182K, committed 18432K, reserved 425984K
}
Event: 588.897 GC heap after
{Heap after GC invocations=85 (full 0):
 garbage-first heap   total 311296K, used 207872K [0x0000000080000000, 0x0000000100000000)
  region size 1024K, 8 young (8192K), 8 survivors (8192K)
 Metaspace       used 125199K, committed 127808K, reserved 557056K
  class space    used 17182K, committed 18432K, reserved 425984K
}
Event: 601.690 GC heap before
{Heap before GC invocations=86 (full 0):
 garbage-first heap   total 348160K, used 286720K [0x0000000080000000, 0x0000000100000000)
  region size 1024K, 83 young (84992K), 8 survivors (8192K)
 Metaspace       used 125437K, committed 128192K, reserved 557056K
  class space    used 17204K, committed 18496K, reserved 425984K
}
Event: 601.859 GC heap after
{Heap after GC invocations=87 (full 0):
 garbage-first heap   total 348160K, used 217578K [0x0000000080000000, 0x0000000100000000)
  region size 1024K, 10 young (10240K), 10 survivors (10240K)
 Metaspace       used 125437K, committed 128192K, reserved 557056K
  class space    used 17204K, committed 18496K, reserved 425984K
}
Event: 622.476 GC heap before
{Heap before GC invocations=87 (full 0):
 garbage-first heap   total 348160K, used 309738K [0x0000000080000000, 0x0000000100000000)
  region size 1024K, 99 young (101376K), 10 survivors (10240K)
 Metaspace       used 129189K, committed 131904K, reserved 557056K
  class space    used 17703K, committed 19008K, reserved 425984K
}
Event: 622.704 GC heap after
{Heap after GC invocations=88 (full 0):
 garbage-first heap   total 348160K, used 229376K [0x0000000080000000, 0x0000000100000000)
  region size 1024K, 13 young (13312K), 13 survivors (13312K)
 Metaspace       used 129189K, committed 131904K, reserved 557056K
  class space    used 17703K, committed 19008K, reserved 425984K
}
Event: 638.312 GC heap before
{Heap before GC invocations=88 (full 0):
 garbage-first heap   total 348160K, used 312320K [0x0000000080000000, 0x0000000100000000)
  region size 1024K, 94 young (96256K), 13 survivors (13312K)
 Metaspace       used 133175K, committed 135936K, reserved 557056K
  class space    used 18237K, committed 19520K, reserved 425984K
}
Event: 638.476 GC heap after
{Heap after GC invocations=89 (full 0):
 garbage-first heap   total 348160K, used 238080K [0x0000000080000000, 0x0000000100000000)
  region size 1024K, 9 young (9216K), 9 survivors (9216K)
 Metaspace       used 133175K, committed 135936K, reserved 557056K
  class space    used 18237K, committed 19520K, reserved 425984K
}

